<?xml version="1.0" encoding="UTF-8"?>
<!-- Generated by org.testng.reporters.JUnitReportReporter -->
<testsuite skipped="0" hostname="AMAFVFG65B8Q05P" name="TrivialPassword" tests="1" failures="0" timestamp="2022-10-06T18:16:40 CEST" time="65.339" errors="0">
  <testcase name="verify_TrivialPasswordErrorCase" time="65.339" classname="TrivialPassword"/>
  <system-out/>
</testsuite> <!-- TrivialPassword -->
